2022-01-29 20:34:07,201 - INFO - my_logging logger is started. Console : DEBUG. File (server.log) : INFO at /home/pi/.local/lib/python3.7/site-packages/FUTIL/my_logging.py ,line n°:104
2022-01-29 20:34:20,565 - INFO - Start gammu state machine .... at /home/pi/Devlopp/SIM800L/index.py ,line n°:31
2022-01-29 20:34:24,031 - INFO - Gammu state machine is initialised. at /home/pi/Devlopp/SIM800L/index.py ,line n°:35
2022-01-29 20:39:18,908 - ERROR -   File "server.py", line 5, in <module>
    http_server.serve_forever()
  File "/home/pi/.local/lib/python3.7/site-packages/gevent/baseserver.py", line 400, in serve_forever
    self._stop_event.wait()
  File "src/gevent/event.py", line 163, in gevent._gevent_cevent.Event.wait
  File "src/gevent/_abstract_linkable.py", line 521, in gevent._gevent_c_abstract_linkable.AbstractLinkable._wait
  File "src/gevent/_abstract_linkable.py", line 487, in gevent._gevent_c_abstract_linkable.AbstractLinkable._wait_core
  File "src/gevent/_abstract_linkable.py", line 490, in gevent._gevent_c_abstract_linkable.AbstractLinkable._wait_core
  File "src/gevent/_abstract_linkable.py", line 442, in gevent._gevent_c_abstract_linkable.AbstractLinkable._AbstractLinkable__wait_to_be_notified
  File "src/gevent/_abstract_linkable.py", line 451, in gevent._gevent_c_abstract_linkable.AbstractLinkable._switch_to_hub
  File "src/gevent/_greenlet_primitives.py", line 61, in gevent._gevent_c_greenlet_primitives.SwitchOutGreenletWithLoop.switch
  File "src/gevent/_greenlet_primitives.py", line 65, in gevent._gevent_c_greenlet_primitives.SwitchOutGreenletWithLoop.switch
  File "src/gevent/_gevent_c_greenlet_primitives.pxd", line 35, in gevent._gevent_c_greenlet_primitives._greenlet_switch
 at /home/pi/.local/lib/python3.7/site-packages/FUTIL/my_logging.py ,line n°:183
2022-01-29 20:39:18,911 - ERROR - <class 'KeyboardInterrupt'> -  at /home/pi/.local/lib/python3.7/site-packages/FUTIL/my_logging.py ,line n°:184
2022-01-29 20:54:27,486 - INFO - my_logging logger is started. Console : DEBUG. File (/home/pi/Devlopp/SIM800L/server.log) : INFO at /home/pi/.local/lib/python3.7/site-packages/FUTIL/my_logging.py ,line n°:104
2022-01-29 20:54:43,294 - INFO - Start gammu state machine .... at /home/pi/Devlopp/SIM800L/index.py ,line n°:31
2022-01-29 20:54:46,763 - INFO - Gammu state machine is initialised. at /home/pi/Devlopp/SIM800L/index.py ,line n°:35
