2022-01-23 16:15:38,496 - INFO - my_logging logger is started. Console : DEBUG. File (sim800l.log) : INFO at /usr/local/lib/python3.7/dist-packages/FUTIL/my_logging.py ,line n°:104
2022-01-23 16:15:38,508 - ERROR -   File "sim800l.py", line 111, in <module>
    tel.write_pin()
  File "sim800l.py", line 47, in write_pin
    while self.read("CPIN")[1]=="+CPIN: SIM PIN" and time.time() < timeout:
  File "sim800l.py", line 25, in read
    result = self.send_cmd(f"AT+{param}?", endstop, timeout)
  File "/home/pi/Devlopp/SIM800L/modem.py", line 56, in send_cmd
    self.connect(timeout)
  File "/home/pi/Devlopp/SIM800L/modem.py", line 22, in connect
    except serial.serialutil.SerialException as e:
 at /usr/local/lib/python3.7/dist-packages/FUTIL/my_logging.py ,line n°:183
2022-01-23 16:15:38,511 - ERROR - <class 'AttributeError'> - module 'serial' has no attribute 'serialutil' at /usr/local/lib/python3.7/dist-packages/FUTIL/my_logging.py ,line n°:184
2022-01-23 16:16:08,812 - INFO - my_logging logger is started. Console : DEBUG. File (sim800l.log) : INFO at /usr/local/lib/python3.7/dist-packages/FUTIL/my_logging.py ,line n°:104
2022-01-23 16:16:08,826 - ERROR -   File "sim800l.py", line 111, in <module>
    tel.write_pin()
  File "sim800l.py", line 47, in write_pin
    while self.read("CPIN")[1]=="+CPIN: SIM PIN" and time.time() < timeout:
  File "sim800l.py", line 25, in read
    result = self.send_cmd(f"AT+{param}?", endstop, timeout)
  File "/home/pi/Devlopp/SIM800L/modem.py", line 56, in send_cmd
    self.connect(timeout)
  File "/home/pi/Devlopp/SIM800L/modem.py", line 22, in connect
    except serial.serialutil.SerialException as e:
 at /usr/local/lib/python3.7/dist-packages/FUTIL/my_logging.py ,line n°:183
2022-01-23 16:16:08,833 - ERROR - <class 'AttributeError'> - module 'serial' has no attribute 'serialutil' at /usr/local/lib/python3.7/dist-packages/FUTIL/my_logging.py ,line n°:184
2022-01-23 16:16:44,670 - INFO - my_logging logger is started. Console : DEBUG. File (sim800l.log) : INFO at /usr/local/lib/python3.7/dist-packages/FUTIL/my_logging.py ,line n°:104
2022-01-23 16:16:45,225 - WARNING - module 'serial' has no attribute 'Serial' at /home/pi/Devlopp/SIM800L/modem.py ,line n°:23
2022-01-23 16:16:45,254 - ERROR -   File "sim800l.py", line 111, in <module>
    tel.write_pin()
  File "sim800l.py", line 47, in write_pin
    while self.read("CPIN")[1]=="+CPIN: SIM PIN" and time.time() < timeout:
  File "sim800l.py", line 25, in read
    result = self.send_cmd(f"AT+{param}?", endstop, timeout)
  File "/home/pi/Devlopp/SIM800L/modem.py", line 57, in send_cmd
    self._write(cmd)
  File "/home/pi/Devlopp/SIM800L/modem.py", line 29, in _write
    self.serial.write(cmd.encode()+b'\r')
 at /usr/local/lib/python3.7/dist-packages/FUTIL/my_logging.py ,line n°:183
2022-01-23 16:16:45,260 - ERROR - <class 'AttributeError'> - 'NoneType' object has no attribute 'write' at /usr/local/lib/python3.7/dist-packages/FUTIL/my_logging.py ,line n°:184
2022-01-23 16:17:45,366 - INFO - my_logging logger is started. Console : DEBUG. File (sim800l.log) : INFO at /usr/local/lib/python3.7/dist-packages/FUTIL/my_logging.py ,line n°:104
2022-01-23 16:18:03,208 - ERROR -   File "sim800l.py", line 115, in <module>
    tel.wait_for_reg()
  File "sim800l.py", line 92, in wait_for_reg
    p_creg = parse("+CREG: {n},{stat},{lac},{ci}")
 at /usr/local/lib/python3.7/dist-packages/FUTIL/my_logging.py ,line n°:183
2022-01-23 16:18:03,215 - ERROR - <class 'TypeError'> - 'module' object is not callable at /usr/local/lib/python3.7/dist-packages/FUTIL/my_logging.py ,line n°:184
2022-01-23 16:19:06,062 - INFO - my_logging logger is started. Console : DEBUG. File (sim800l.log) : INFO at /usr/local/lib/python3.7/dist-packages/FUTIL/my_logging.py ,line n°:104
2022-01-23 16:19:20,870 - ERROR -   File "sim800l.py", line 115, in <module>
    tel.wait_for_reg()
  File "sim800l.py", line 92, in wait_for_reg
    p_creg = parse.parse("+CREG: {n},{stat},{lac},{ci}")
 at /usr/local/lib/python3.7/dist-packages/FUTIL/my_logging.py ,line n°:183
2022-01-23 16:19:20,886 - ERROR - <class 'TypeError'> - parse() missing 1 required positional argument: 'string' at /usr/local/lib/python3.7/dist-packages/FUTIL/my_logging.py ,line n°:184
2022-01-23 16:19:50,032 - INFO - my_logging logger is started. Console : DEBUG. File (sim800l.log) : INFO at /usr/local/lib/python3.7/dist-packages/FUTIL/my_logging.py ,line n°:104
2022-01-23 16:19:59,610 - ERROR -   File "sim800l.py", line 115, in <module>
    tel.wait_for_reg()
  File "sim800l.py", line 96, in wait_for_reg
    if p_creg.get('stat') in (1,3,5):
 at /usr/local/lib/python3.7/dist-packages/FUTIL/my_logging.py ,line n°:183
2022-01-23 16:19:59,618 - ERROR - <class 'AttributeError'> - 'NoneType' object has no attribute 'get' at /usr/local/lib/python3.7/dist-packages/FUTIL/my_logging.py ,line n°:184
2022-01-23 16:23:44,028 - INFO - my_logging logger is started. Console : DEBUG. File (sim800l.log) : INFO at /usr/local/lib/python3.7/dist-packages/FUTIL/my_logging.py ,line n°:104
2022-01-23 16:23:50,836 - ERROR -   File "sim800l.py", line 114, in <module>
    tel.wait_for_reg()
  File "sim800l.py", line 95, in wait_for_reg
    if p_creg and p_creg.get('stat') in (1,3,5):
 at /usr/local/lib/python3.7/dist-packages/FUTIL/my_logging.py ,line n°:183
2022-01-23 16:23:50,844 - ERROR - <class 'AttributeError'> - 'Result' object has no attribute 'get' at /usr/local/lib/python3.7/dist-packages/FUTIL/my_logging.py ,line n°:184
2022-01-23 16:27:20,267 - INFO - my_logging logger is started. Console : DEBUG. File (sim800l.log) : INFO at /usr/local/lib/python3.7/dist-packages/FUTIL/my_logging.py ,line n°:104
2022-01-23 16:27:38,160 - ERROR -   File "sim800l.py", line 114, in <module>
    tel.wait_for_reg()
  File "sim800l.py", line 95, in wait_for_reg
    if p_creg and p_creg.get('stat') in (1,3,5):
 at /usr/local/lib/python3.7/dist-packages/FUTIL/my_logging.py ,line n°:183
2022-01-23 16:27:38,167 - ERROR - <class 'AttributeError'> - 'Result' object has no attribute 'get' at /usr/local/lib/python3.7/dist-packages/FUTIL/my_logging.py ,line n°:184
2022-01-23 16:28:02,743 - INFO - my_logging logger is started. Console : DEBUG. File (sim800l.log) : INFO at /usr/local/lib/python3.7/dist-packages/FUTIL/my_logging.py ,line n°:104
2022-01-23 16:28:36,878 - ERROR -   File "sim800l.py", line 114, in <module>
    print(tel.cnetscan())
  File "sim800l.py", line 87, in wait_for_reg
    creg = self.read('CREG')[1]
  File "sim800l.py", line 25, in read
    result = self.send_cmd(f"AT+{param}?", endstop, timeout)
  File "/home/pi/Devlopp/SIM800L/modem.py", line 58, in send_cmd
    return self._read(endstop)
  File "/home/pi/Devlopp/SIM800L/modem.py", line 43, in _read
    rep = self.serial.read()
  File "/usr/local/lib/python3.7/dist-packages/serial/serialposix.py", line 565, in read
    ready, _, _ = select.select([self.fd, self.pipe_abort_read_r], [], [], timeout.time_left())
 at /usr/local/lib/python3.7/dist-packages/FUTIL/my_logging.py ,line n°:183
2022-01-23 16:28:36,886 - ERROR - <class 'KeyboardInterrupt'> -  at /usr/local/lib/python3.7/dist-packages/FUTIL/my_logging.py ,line n°:184
2022-01-23 16:28:38,771 - INFO - my_logging logger is started. Console : DEBUG. File (sim800l.log) : INFO at /usr/local/lib/python3.7/dist-packages/FUTIL/my_logging.py ,line n°:104
2022-01-23 16:30:06,239 - ERROR -   File "sim800l.py", line 115, in <module>
    tel.wait_for_reg()
  File "sim800l.py", line 97, in wait_for_reg
    time.sleep(1)
 at /usr/local/lib/python3.7/dist-packages/FUTIL/my_logging.py ,line n°:183
2022-01-23 16:30:06,248 - ERROR - <class 'KeyboardInterrupt'> -  at /usr/local/lib/python3.7/dist-packages/FUTIL/my_logging.py ,line n°:184
2022-01-23 16:33:00,895 - INFO - my_logging logger is started. Console : DEBUG. File (sim800l.log) : INFO at /usr/local/lib/python3.7/dist-packages/FUTIL/my_logging.py ,line n°:104
2022-01-23 16:34:18,583 - ERROR -   File "sim800l.py", line 115, in <module>
    tel.wait_for_reg()
  File "sim800l.py", line 97, in wait_for_reg
    time.sleep(1)
 at /usr/local/lib/python3.7/dist-packages/FUTIL/my_logging.py ,line n°:183
2022-01-23 16:34:18,592 - ERROR - <class 'KeyboardInterrupt'> -  at /usr/local/lib/python3.7/dist-packages/FUTIL/my_logging.py ,line n°:184
2022-01-23 18:17:35,650 - INFO - my_logging logger is started. Console : DEBUG. File (sim800l.log) : INFO at /usr/local/lib/python3.7/dist-packages/FUTIL/my_logging.py ,line n°:104
2022-01-23 18:17:44,604 - ERROR -   File "sim800l.py", line 115, in <module>
    tel.wait_for_reg()
  File "sim800l.py", line 97, in wait_for_reg
    time.sleep(1)
 at /usr/local/lib/python3.7/dist-packages/FUTIL/my_logging.py ,line n°:183
2022-01-23 18:17:44,615 - ERROR - <class 'KeyboardInterrupt'> -  at /usr/local/lib/python3.7/dist-packages/FUTIL/my_logging.py ,line n°:184
2022-01-23 18:17:56,950 - INFO - my_logging logger is started. Console : DEBUG. File (sim800l.log) : INFO at /usr/local/lib/python3.7/dist-packages/FUTIL/my_logging.py ,line n°:104
2022-01-23 18:18:03,508 - ERROR -   File "sim800l.py", line 115, in <module>
    tel.wait_for_reg()
  File "sim800l.py", line 97, in wait_for_reg
    time.sleep(1)
 at /usr/local/lib/python3.7/dist-packages/FUTIL/my_logging.py ,line n°:183
2022-01-23 18:18:03,519 - ERROR - <class 'KeyboardInterrupt'> -  at /usr/local/lib/python3.7/dist-packages/FUTIL/my_logging.py ,line n°:184
2022-01-23 18:18:28,756 - INFO - my_logging logger is started. Console : DEBUG. File (sim800l.log) : INFO at /usr/local/lib/python3.7/dist-packages/FUTIL/my_logging.py ,line n°:104
2022-01-23 18:18:29,836 - INFO - CREG : <Result () {'n': '0', 'stat': '5'}> at sim800l.py ,line n°:98
2022-01-23 18:18:29,849 - INFO - CREG : Registered, roaming  at sim800l.py ,line n°:104
2022-01-23 18:19:09,707 - INFO - my_logging logger is started. Console : DEBUG. File (sim800l.log) : INFO at /usr/local/lib/python3.7/dist-packages/FUTIL/my_logging.py ,line n°:104
2022-01-23 18:19:10,774 - INFO - CREG : <Result () {'n': '0', 'stat': '5'}> at sim800l.py ,line n°:98
2022-01-23 18:19:10,831 - INFO - CREG : Registered, roaming  at sim800l.py ,line n°:104
2022-01-23 18:22:31,131 - INFO - my_logging logger is started. Console : DEBUG. File (sim800l.log) : INFO at /usr/local/lib/python3.7/dist-packages/FUTIL/my_logging.py ,line n°:104
2022-01-23 18:22:32,200 - INFO - CREG : <Result () {'n': '0', 'stat': '5'}> at sim800l.py ,line n°:98
2022-01-23 18:22:32,212 - INFO - CREG : Registered, roaming  at sim800l.py ,line n°:104
2022-01-23 18:29:58,654 - INFO - my_logging logger is started. Console : DEBUG. File (sim800l.log) : INFO at /usr/local/lib/python3.7/dist-packages/FUTIL/my_logging.py ,line n°:104
2022-01-23 18:29:59,727 - INFO - CREG : <Result () {'n': '0', 'stat': '5'}> at sim800l.py ,line n°:103
2022-01-23 18:29:59,744 - INFO - CREG : Registered, roaming  at sim800l.py ,line n°:109
2022-01-23 18:39:17,039 - INFO - my_logging logger is started. Console : DEBUG. File (sim800l.log) : INFO at /usr/local/lib/python3.7/dist-packages/FUTIL/my_logging.py ,line n°:104
2022-01-23 18:39:18,107 - INFO - CREG : <Result () {'n': '0', 'stat': '5'}> at sim800l.py ,line n°:103
2022-01-23 18:39:18,124 - INFO - CREG : Registered, roaming  at sim800l.py ,line n°:109
2022-01-23 18:42:07,392 - INFO - my_logging logger is started. Console : DEBUG. File (sim800l.log) : INFO at /usr/local/lib/python3.7/dist-packages/FUTIL/my_logging.py ,line n°:104
2022-01-23 18:42:08,460 - INFO - CREG : <Result () {'n': '0', 'stat': '5'}> at sim800l.py ,line n°:104
2022-01-23 18:42:08,475 - INFO - CREG : Registered, roaming  at sim800l.py ,line n°:110
2022-01-23 18:44:05,023 - INFO - my_logging logger is started. Console : DEBUG. File (sim800l.log) : INFO at /usr/local/lib/python3.7/dist-packages/FUTIL/my_logging.py ,line n°:104
2022-01-23 18:44:06,094 - INFO - CREG : <Result () {'n': '0', 'stat': '5'}> at sim800l.py ,line n°:106
2022-01-23 18:44:06,118 - INFO - CREG : Registered, roaming  at sim800l.py ,line n°:112
2022-01-23 18:45:24,661 - INFO - my_logging logger is started. Console : DEBUG. File (sim800l.log) : INFO at /usr/local/lib/python3.7/dist-packages/FUTIL/my_logging.py ,line n°:104
2022-01-23 18:45:25,726 - INFO - CREG : <Result () {'n': '0', 'stat': '5'}> at sim800l.py ,line n°:106
2022-01-23 18:45:25,743 - INFO - CREG : Registered, roaming  at sim800l.py ,line n°:112
2022-01-23 18:50:26,975 - INFO - my_logging logger is started. Console : DEBUG. File (sim800l.log) : INFO at /usr/local/lib/python3.7/dist-packages/FUTIL/my_logging.py ,line n°:104
2022-01-23 18:50:28,051 - INFO - CREG : <Result () {'n': '0', 'stat': '5'}> at sim800l.py ,line n°:106
2022-01-23 18:50:28,065 - INFO - CREG : Registered, roaming  at sim800l.py ,line n°:112
2022-01-23 18:53:32,560 - INFO - my_logging logger is started. Console : DEBUG. File (sim800l.log) : INFO at /usr/local/lib/python3.7/dist-packages/FUTIL/my_logging.py ,line n°:104
2022-01-23 18:53:34,246 - INFO - CREG : <Result () {'n': '0', 'stat': '5'}> at sim800l.py ,line n°:106
2022-01-23 18:53:34,257 - INFO - CREG : Registered, roaming  at sim800l.py ,line n°:112
2022-01-23 18:55:03,522 - INFO - my_logging logger is started. Console : DEBUG. File (sim800l.log) : INFO at /usr/local/lib/python3.7/dist-packages/FUTIL/my_logging.py ,line n°:104
2022-01-23 18:55:04,587 - INFO - CREG : <Result () {'n': '0', 'stat': '5'}> at sim800l.py ,line n°:106
2022-01-23 18:55:04,604 - INFO - CREG : Registered, roaming  at sim800l.py ,line n°:112
2022-01-23 18:55:32,623 - ERROR -   File "sim800l.py", line 125, in <module>
    print(tel.send_sms("+33608648987", "ça-va Frédéric?"))
  File "sim800l.py", line 64, in send_sms
    rep = self._read()
  File "/home/pi/Devlopp/SIM800L/modem.py", line 43, in _read
    rep = self.serial.read()
  File "/usr/local/lib/python3.7/dist-packages/serial/serialposix.py", line 565, in read
    ready, _, _ = select.select([self.fd, self.pipe_abort_read_r], [], [], timeout.time_left())
 at /usr/local/lib/python3.7/dist-packages/FUTIL/my_logging.py ,line n°:183
2022-01-23 18:55:32,634 - ERROR - <class 'KeyboardInterrupt'> -  at /usr/local/lib/python3.7/dist-packages/FUTIL/my_logging.py ,line n°:184
2022-01-23 19:15:19,138 - INFO - my_logging logger is started. Console : DEBUG. File (sim800l.log) : INFO at /usr/local/lib/python3.7/dist-packages/FUTIL/my_logging.py ,line n°:104
2022-01-23 19:15:28,371 - INFO - CREG : <Result () {'n': '0', 'stat': '5'}> at sim800l.py ,line n°:106
2022-01-23 19:15:28,384 - INFO - CREG : Registered, roaming  at sim800l.py ,line n°:112
2022-01-23 19:15:45,836 - ERROR -   File "sim800l.py", line 125, in <module>
    print(tel.send_sms("+33608648987", "ça-va Frédéric?"))
  File "sim800l.py", line 64, in send_sms
    rep = self._read()
  File "/home/pi/Devlopp/SIM800L/modem.py", line 43, in _read
    rep = self.serial.read()
  File "/usr/local/lib/python3.7/dist-packages/serial/serialposix.py", line 565, in read
    ready, _, _ = select.select([self.fd, self.pipe_abort_read_r], [], [], timeout.time_left())
 at /usr/local/lib/python3.7/dist-packages/FUTIL/my_logging.py ,line n°:183
2022-01-23 19:15:45,848 - ERROR - <class 'KeyboardInterrupt'> -  at /usr/local/lib/python3.7/dist-packages/FUTIL/my_logging.py ,line n°:184
2022-01-23 19:15:47,115 - INFO - my_logging logger is started. Console : DEBUG. File (sim800l.log) : INFO at /usr/local/lib/python3.7/dist-packages/FUTIL/my_logging.py ,line n°:104
2022-01-23 19:15:48,181 - INFO - CREG : <Result () {'n': '0', 'stat': '5'}> at sim800l.py ,line n°:106
2022-01-23 19:15:48,191 - INFO - CREG : Registered, roaming  at sim800l.py ,line n°:112
